#
# There is insufficient memory for the Java Runtime Environment to continue.
# Native memory allocation (malloc) failed to allocate 1048576 bytes for AllocateHeap
# Possible reasons:
#   The system is out of physical RAM or swap space
#   In 32 bit mode, the process size limit was hit
# Possible solutions:
#   Reduce memory load on the system
#   Increase physical memory or swap space
#   Check if swap backing store is full
#   Use 64 bit Java on a 64 bit OS
#   Decrease Java heap size (-Xmx/-Xms)
#   Decrease number of Java threads
#   Decrease Java thread stack sizes (-Xss)
#   Set larger code cache with -XX:ReservedCodeCacheSize=
# This output file may be truncated or incomplete.
#
#  Out of Memory Error (memory/allocation.inline.hpp:61), pid=20164, tid=0x0000000000004b40
#
# JRE version:  (8.0) (build )
# Java VM: OpenJDK 64-Bit Server VM (25.71-b00 mixed mode windows-amd64 compressed oops)
# Failed to write core dump. Minidumps are not enabled by default on client versions of Windows
#

---------------  T H R E A D  ---------------

Current thread (0x00000000031f4800):  JavaThread "Unknown thread" [_thread_in_vm, id=19264, stack(0x00000000030f0000,0x00000000031f0000)]

Stack: [0x00000000030f0000,0x00000000031f0000]
[error occurred during error reporting (printing stack bounds), id 0xc0000005]

Native frames: (J=compiled Java code, j=interpreted, Vv=VM code, C=native code)


---------------  P R O C E S S  ---------------

Java Threads: ( => current thread )

Other Threads:

=>0x00000000031f4800 (exited) JavaThread "Unknown thread" [_thread_in_vm, id=19264, stack(0x00000000030f0000,0x00000000031f0000)]

VM state:not at safepoint (normal execution)

VM Mutex/Monitor currently owned by a thread: None

Heap:
 PSYoungGen      total 76288K, used 1310K [0x000000076af00000, 0x0000000770400000, 0x00000007c0000000)
  eden space 65536K, 2% used [0x000000076af00000,0x000000076b047af0,0x000000076ef00000)
  from space 10752K, 0% used [0x000000076f980000,0x000000076f980000,0x0000000770400000)
  to   space 10752K, 0% used [0x000000076ef00000,0x000000076ef00000,0x000000076f980000)
 ParOldGen       total 175104K, used 0K [0x00000006c0c00000, 0x00000006cb700000, 0x000000076af00000)
  object space 175104K, 0% used [0x00000006c0c00000,0x00000006c0c00000,0x00000006cb700000)
 Metaspace       used 777K, capacity 4480K, committed 4480K, reserved 1056768K
  class space    used 74K, capacity 384K, committed 384K, reserved 1048576K

Card table byte_map: [0x00000000126b0000,0x0000000012eb0000] byte_map_base: 0x000000000f0aa000

Marking Bits: (ParMarkBitMap*) 0x00000000519dbe50
 Begin Bits: [0x0000000013e10000, 0x0000000017de0000)
 End Bits:   [0x0000000017de0000, 0x000000001bdb0000)

Polling page: 0x00000000016a0000

CodeCache: size=245760Kb used=327Kb max_used=327Kb free=245432Kb
 bounds [0x00000000032f0000, 0x0000000003560000, 0x00000000122f0000]
 total_blobs=56 nmethods=0 adapters=38
 compilation: enabled

Compilation events (0 events):
No events

GC Heap History (0 events):
No events

Deoptimization events (0 events):
No events

Classes redefined (0 events):
No events

Internal exceptions (0 events):
No events

Events (10 events):
Event: 0.016 loading class java/lang/Short
Event: 0.016 loading class java/lang/Short done
Event: 0.016 loading class java/lang/Integer
Event: 0.016 loading class java/lang/Integer done
Event: 0.016 loading class java/lang/Long
Event: 0.016 loading class java/lang/Long done
Event: 0.017 loading class java/lang/NullPointerException
Event: 0.017 loading class java/lang/NullPointerException done
Event: 0.017 loading class java/lang/ArithmeticException
Event: 0.017 loading class java/lang/ArithmeticException done


Dynamic libraries:
0x00007ff66c330000 - 0x00007ff66c365000 	E:\UnityHub\Unity\2020.3.26f1\Editor\Data\PlaybackEngines\AndroidPlayer\OpenJDK\bin\java.exe
0x00007ffdf1710000 - 0x00007ffdf1908000 	C:\Windows\SYSTEM32\ntdll.dll
0x00007ffdc42f0000 - 0x00007ffdc4309000 	C:\Program Files\Avast Software\Avast\aswhook.dll
0x00007ffdef8a0000 - 0x00007ffdef95f000 	C:\Windows\System32\KERNEL32.DLL
0x00007ffdef300000 - 0x00007ffdef5f6000 	C:\Windows\System32\KERNELBASE.dll
0x00007ffdefde0000 - 0x00007ffdefe8f000 	C:\Windows\System32\ADVAPI32.dll
0x00007ffdf1440000 - 0x00007ffdf14de000 	C:\Windows\System32\msvcrt.dll
0x00007ffdf11e0000 - 0x00007ffdf127c000 	C:\Windows\System32\sechost.dll
0x00007ffdf14e0000 - 0x00007ffdf1606000 	C:\Windows\System32\RPCRT4.dll
0x00007ffdf1040000 - 0x00007ffdf11dd000 	C:\Windows\System32\USER32.dll
0x00007ffdef2d0000 - 0x00007ffdef2f2000 	C:\Windows\System32\win32u.dll
0x00007ffdefdb0000 - 0x00007ffdefddc000 	C:\Windows\System32\GDI32.dll
0x00007ffdef140000 - 0x00007ffdef255000 	C:\Windows\System32\gdi32full.dll
0x00007ffdeefa0000 - 0x00007ffdef03d000 	C:\Windows\System32\msvcp_win.dll
0x00007ffdef040000 - 0x00007ffdef140000 	C:\Windows\System32\ucrtbase.dll
0x00007ffdd75e0000 - 0x00007ffdd787a000 	C:\Windows\WinSxS\amd64_microsoft.windows.common-controls_6595b64144ccf1df_6.0.19041.1110_none_60b5254171f9507e\COMCTL32.dll
0x00007ffdefa20000 - 0x00007ffdefa50000 	C:\Windows\System32\IMM32.DLL
0x0000000051a60000 - 0x0000000051b32000 	E:\UnityHub\Unity\2020.3.26f1\Editor\Data\PlaybackEngines\AndroidPlayer\OpenJDK\jre\bin\msvcr100.dll
0x0000000051210000 - 0x0000000051a59000 	E:\UnityHub\Unity\2020.3.26f1\Editor\Data\PlaybackEngines\AndroidPlayer\OpenJDK\jre\bin\server\jvm.dll
0x00007ffdf0860000 - 0x00007ffdf0868000 	C:\Windows\System32\PSAPI.DLL
0x00007ffdd5c70000 - 0x00007ffdd5c79000 	C:\Windows\SYSTEM32\WSOCK32.dll
0x00007ffddadc0000 - 0x00007ffddade7000 	C:\Windows\SYSTEM32\WINMM.dll
0x00007ffde70b0000 - 0x00007ffde70ba000 	C:\Windows\SYSTEM32\VERSION.dll
0x00007ffdf0250000 - 0x00007ffdf02bb000 	C:\Windows\System32\WS2_32.dll
0x00007ffde9ac0000 - 0x00007ffde9acf000 	E:\UnityHub\Unity\2020.3.26f1\Editor\Data\PlaybackEngines\AndroidPlayer\OpenJDK\jre\bin\verify.dll
0x00007ffcec000000 - 0x00007ffcec029000 	E:\UnityHub\Unity\2020.3.26f1\Editor\Data\PlaybackEngines\AndroidPlayer\OpenJDK\jre\bin\java.dll
0x00007ffde7790000 - 0x00007ffde77a6000 	E:\UnityHub\Unity\2020.3.26f1\Editor\Data\PlaybackEngines\AndroidPlayer\OpenJDK\jre\bin\zip.dll

VM Arguments:
jvm_args: -Dfile.encoding=UTF-8 -Dcom.android.sdklib.toolsdir=E:\UnityHub\Unity\2020.3.26f1\Editor\Data\PlaybackEngines\AndroidPlayer\SDK\tools\bin\\.. 
java_command: com.android.sdklib.tool.sdkmanager.SdkManagerCli --list
java_class_path (initial): E:\UnityHub\Unity\2020.3.26f1\Editor\Data\PlaybackEngines\AndroidPlayer\SDK\tools\bin\..\lib\dvlib-26.0.0-dev.jar;E:\UnityHub\Unity\2020.3.26f1\Editor\Data\PlaybackEngines\AndroidPlayer\SDK\tools\bin\..\lib\jimfs-1.1.jar;E:\UnityHub\Unity\2020.3.26f1\Editor\Data\PlaybackEngines\AndroidPlayer\SDK\tools\bin\..\lib\jsr305-1.3.9.jar;E:\UnityHub\Unity\2020.3.26f1\Editor\Data\PlaybackEngines\AndroidPlayer\SDK\tools\bin\..\lib\repository-26.0.0-dev.jar;E:\UnityHub\Unity\2020.3.26f1\Editor\Data\PlaybackEngines\AndroidPlayer\SDK\tools\bin\..\lib\j2objc-annotations-1.1.jar;E:\UnityHub\Unity\2020.3.26f1\Editor\Data\PlaybackEngines\AndroidPlayer\SDK\tools\bin\..\lib\layoutlib-api-26.0.0-dev.jar;E:\UnityHub\Unity\2020.3.26f1\Editor\Data\PlaybackEngines\AndroidPlayer\SDK\tools\bin\..\lib\gson-2.3.jar;E:\UnityHub\Unity\2020.3.26f1\Editor\Data\PlaybackEngines\AndroidPlayer\SDK\tools\bin\..\lib\httpcore-4.2.5.jar;E:\UnityHub\Unity\2020.3.26f1\Editor\Data\PlaybackEngines\AndroidPlayer\SDK\tools\bin\..\lib\commons-logging-1.1.1.jar;E:\UnityHub\Unity\2020.3.26f1\Editor\Data\PlaybackEngines\AndroidPlayer\SDK\tools\bin\..\lib\commons-compress-1.12.jar;E:\UnityHub\Unity\2020.3.26f1\Editor\Data\PlaybackEngines\AndroidPlayer\SDK\tools\bin\..\lib\annotations-26.0.0-dev.jar;E:\UnityHub\Unity\2020.3.26f1\Editor\Data\PlaybackEngines\AndroidPlayer\SDK\tools\bin\..\lib\error_prone_annotations-2.0.18.jar;E:\UnityHub\Unity\2020.3.26f1\Editor\Data\PlaybackEngines\AndroidPlayer\SDK\tools\bin\..\lib\animal-sniffer-annotations-1.14.jar;E:\UnityHub\Unity\2020.3.26f1\Editor\Data\PlaybackEngines\AndroidPlayer\SDK\tools\bin\..\lib\httpclient-4.2.6.jar;E:\UnityHub\Unity\2020.3.26f1\Editor\Data\PlaybackEngines\AndroidPlayer\SDK\tools\bin\..\lib\commons-codec-1.6.jar;E:\UnityHub\Unity\2020.3.26f1\Editor\Data\PlaybackEngines\AndroidPlayer\SDK\tools\bin\..\lib\common-26.0.0-dev.jar;E:\UnityHub\Unity\2020.3.26f1\Editor\Data\PlaybackEngines\AndroidPlayer\SDK\tools\bin\..\lib\kxml2-2.3
Launcher Type: SUN_STANDARD

Environment Variables:
JAVA_HOME=E:\UnityHub\Unity\2020.3.26f1\Editor\Data\PlaybackEngines\AndroidPlayer\OpenJDK
JAVA_TOOL_OPTIONS=-Dfile.encoding=UTF-8
PATH=C:\Program Files (x86)\Common Files\Intel\Shared Libraries\redist\intel64\compiler;C:\Windows\system32;C:\Windows;C:\Windows\System32\Wbem;C:\Windows\System32\WindowsPowerShell\v1.0\;C:\Windows\System32\OpenSSH\;C:\Program Files\NVIDIA Corporation\NVIDIA NvDLISR;C:\Program Files (x86)\NVIDIA Corporation\PhysX\Common;C:\Program Files\dotnet\;C:\Users\iron-\AppData\Local\Microsoft\WindowsApps;C:\Users\iron-\.dotnet\tools
USERNAME=iron-
OS=Windows_NT
PROCESSOR_IDENTIFIER=AMD64 Family 23 Model 8 Stepping 2, AuthenticAMD



---------------  S Y S T E M  ---------------

OS: Windows 10.0 , 64 bit Build 19041 (10.0.19041.3155)

CPU:total 12 (initial active 12) (12 cores per cpu, 1 threads per core) family 23 model 8 stepping 2, cmov, cx8, fxsr, mmx, sse, sse2, sse3, ssse3, sse4.1, sse4.2, popcnt, avx, avx2, aes, clmul, mmxext, 3dnowpref, lzcnt, sse4a, tsc, tscinvbit, tscinv, bmi1

Memory: 4k page, physical 16727112k(5105848k free), swap 18824264k(5836k free)

vm_info: OpenJDK 64-Bit Server VM (25.71-b00) for windows-amd64 JRE (1.8.0-adoptopenjdk-_2018_05_19_00_59-b00), built on May 19 2018 01:02:12 by "jenkins" with MS VC++ 10.0 (VS2010)

time: Sun Sep 03 12:03:20 2023
elapsed time: 0 seconds (0d 0h 0m 0s)

